<?xml version="1.0" encoding="UTF-8"?>
<testng-results ignored="0" total="4" passed="4" failed="0" skipped="0">
  <reporter-output>
  </reporter-output>
  <suite started-at="2024-08-11T16:10:40 BDT" name="testv2" finished-at="2024-08-11T16:12:55 BDT" duration-ms="134137">
    <groups>
    </groups>
    <test started-at="2024-08-11T16:10:40 BDT" name="regressiontest" finished-at="2024-08-11T16:12:55 BDT" duration-ms="134137">
      <class name="tests.Test_Shiping_Process">
        <test-method signature="Shiping_Process_Test_Mathod()[pri:1, instance:tests.Test_Shiping_Process@5be1d0a4]" started-at="2024-08-11T16:12:19 BDT" name="Shiping_Process_Test_Mathod" description="After adding product in add to curt shipping process will be check " finished-at="2024-08-11T16:12:55 BDT" duration-ms="35352" status="PASS">
          <reporter-output>
          </reporter-output>
        </test-method> <!-- Shiping_Process_Test_Mathod -->
      </class> <!-- tests.Test_Shiping_Process -->
      <class name="tests.Test_HomePage">
        <test-method is-config="true" signature="setUp()[pri:0, instance:tests.Test_HomePage@700fb871]" started-at="2024-08-11T16:10:35 BDT" name="setUp" finished-at="2024-08-11T16:10:40 BDT" duration-ms="5394" status="PASS">
          <reporter-output>
          </reporter-output>
        </test-method> <!-- setUp -->
        <test-method signature="homepagetestmethod()[pri:0, instance:tests.Test_HomePage@700fb871]" started-at="2024-08-11T16:10:40 BDT" name="homepagetestmethod" description="Sign In from rokomari.com" finished-at="2024-08-11T16:11:13 BDT" duration-ms="32202" status="PASS">
          <reporter-output>
          </reporter-output>
        </test-method> <!-- homepagetestmethod -->
        <test-method is-config="true" signature="tearDown()[pri:0, instance:tests.Test_HomePage@700fb871]" started-at="2024-08-11T16:12:55 BDT" name="tearDown" finished-at="2024-08-11T16:12:55 BDT" duration-ms="341" status="PASS">
          <reporter-output>
          </reporter-output>
        </test-method> <!-- tearDown -->
      </class> <!-- tests.Test_HomePage -->
      <class name="tests.FilterTest">
        <test-method signature="CreateFilter()[pri:0, instance:tests.FilterTest@2f67a4d3]" started-at="2024-08-11T16:11:13 BDT" name="CreateFilter" description="Filter product as trouser from low to high price as branded for man " finished-at="2024-08-11T16:12:02 BDT" duration-ms="49653" status="PASS">
          <reporter-output>
          </reporter-output>
        </test-method> <!-- CreateFilter -->
      </class> <!-- tests.FilterTest -->
      <class name="tests.Test_Add_to_Curt">
        <test-method signature="Add_to_Curt_Test_Mathod()[pri:1, instance:tests.Test_Add_to_Curt@2fb0623e]" started-at="2024-08-11T16:12:02 BDT" name="Add_to_Curt_Test_Mathod" description="In this testcase we tried to test add to differnet product to curt option  Then we we check add to curt option is working or not  " finished-at="2024-08-11T16:12:19 BDT" duration-ms="16682" status="PASS">
          <reporter-output>
          </reporter-output>
        </test-method> <!-- Add_to_Curt_Test_Mathod -->
      </class> <!-- tests.Test_Add_to_Curt -->
    </test> <!-- regressiontest -->
  </suite> <!-- testv2 -->
</testng-results>
