<?xml version="1.0" encoding="UTF-8"?>
<!-- Generated by org.testng.reporters.JUnitXMLReporter -->
<testsuite ignored="2" hostname="DESKTOP-822SNQI" failures="0" tests="4" name="regressiontest" time="134.137" errors="0" timestamp="2024-08-11T16:12:55 BDT">
  <testcase classname="tests.Test_HomePage" name="homepagetestmethod" time="32.202"/>
  <testcase classname="tests.FilterTest" name="CreateFilter" time="49.653"/>
  <testcase classname="tests.Test_Add_to_Curt" name="Add_to_Curt_Test_Mathod" time="16.682"/>
  <testcase classname="tests.Test_Shiping_Process" name="Shiping_Process_Test_Mathod" time="35.352"/>
  <testcase classname="DriverPackage.BaseDriver" name="@BeforeSuite setUp" time="0.0">
    <ignored/>
  </testcase> <!-- @BeforeSuite setUp -->
  <testcase classname="DriverPackage.BaseDriver" name="@AfterSuite tearDown" time="0.0">
    <ignored/>
  </testcase> <!-- @AfterSuite tearDown -->
</testsuite> <!-- regressiontest -->
